# JRE version: Java(TM) SE Runtime Environment (14.0.1+7) (build 14.0.1+7)
# Java VM: Java HotSpot(TM) 64-Bit Server VM (14.0.1+7, mixed mode, sharing, tiered, compressed oops, g1 gc, linux-amd64)
Heap:
 garbage-first heap   total 55296K, used 13035K [0x0000000745600000, 0x0000000800000000)
  region size 1024K, 9 young (9216K), 8 survivors (8192K)
 Metaspace       used 20317K, capacity 21274K, committed 21552K, reserved 1067008K
  class space    used 2732K, capacity 3091K, committed 3120K, reserved 1048576K
GC Heap History (10 events):
Event: 0,570 GC heap before
{Heap before GC invocations=0 (full 0):
 garbage-first heap   total 194560K, used 14148K [0x0000000745600000, 0x0000000800000000)
  region size 1024K, 13 young (13312K), 0 survivors (0K)
 Metaspace       used 3347K, capacity 6152K, committed 6400K, reserved 1056768K
  class space    used 391K, capacity 694K, committed 768K, reserved 1048576K
}
Event: 0,574 GC heap after
{Heap after GC invocations=1 (full 0):
 garbage-first heap   total 194560K, used 2791K [0x0000000745600000, 0x0000000800000000)
  region size 1024K, 2 young (2048K), 2 survivors (2048K)
 Metaspace       used 3347K, capacity 6152K, committed 6400K, reserved 1056768K
  class space    used 391K, capacity 694K, committed 768K, reserved 1048576K
}
Event: 1,134 GC heap before
{Heap before GC invocations=1 (full 0):
 garbage-first heap   total 194560K, used 25319K [0x0000000745600000, 0x0000000800000000)
  region size 1024K, 24 young (24576K), 2 survivors (2048K)
 Metaspace       used 10208K, capacity 11496K, committed 11648K, reserved 1058816K
  class space    used 1383K, capacity 1582K, committed 1664K, reserved 1048576K
}
Event: 1,142 GC heap after
{Heap after GC invocations=2 (full 0):
 garbage-first heap   total 194560K, used 6443K [0x0000000745600000, 0x0000000800000000)
  region size 1024K, 3 young (3072K), 3 survivors (3072K)
 Metaspace       used 10208K, capacity 11496K, committed 11648K, reserved 1058816K
  class space    used 1383K, capacity 1582K, committed 1664K, reserved 1048576K
}
Event: 20,129 GC heap before
{Heap before GC invocations=2 (full 0):
 garbage-first heap   total 194560K, used 80171K [0x0000000745600000, 0x0000000800000000)
  region size 1024K, 73 young (74752K), 3 survivors (3072K)
 Metaspace       used 19783K, capacity 20701K, committed 20992K, reserved 1067008K
  class space    used 2711K, capacity 3070K, committed 3072K, reserved 1048576K
}
Event: 20,136 GC heap after
{Heap after GC invocations=3 (full 0):
 garbage-first heap   total 194560K, used 12723K [0x0000000745600000, 0x0000000800000000)
  region size 1024K, 8 young (8192K), 8 survivors (8192K)
 Metaspace       used 19783K, capacity 20701K, committed 20992K, reserved 1067008K
  class space    used 2711K, capacity 3070K, committed 3072K, reserved 1048576K
}
Event: 26,666 GC heap before
{Heap before GC invocations=3 (full 0):
 garbage-first heap   total 194560K, used 119219K [0x0000000745600000, 0x0000000800000000)
  region size 1024K, 112 young (114688K), 8 survivors (8192K)
 Metaspace       used 20150K, capacity 21091K, committed 21248K, reserved 1067008K
  class space    used 2713K, capacity 3070K, committed 3072K, reserved 1048576K
}
Event: 26,674 GC heap after
{Heap after GC invocations=4 (full 0):
 garbage-first heap   total 194560K, used 13159K [0x0000000745600000, 0x0000000800000000)
  region size 1024K, 8 young (8192K), 8 survivors (8192K)
 Metaspace       used 20150K, capacity 21091K, committed 21248K, reserved 1067008K
  class space    used 2713K, capacity 3070K, committed 3072K, reserved 1048576K
}
Event: 73,451 GC heap before
{Heap before GC invocations=4 (full 0):
 garbage-first heap   total 194560K, used 59239K [0x0000000745600000, 0x0000000800000000)
  region size 1024K, 54 young (55296K), 8 survivors (8192K)
 Metaspace       used 20315K, capacity 21210K, committed 21296K, reserved 1067008K
  class space    used 2732K, capacity 3091K, committed 3120K, reserved 1048576K
}
Event: 73,459 GC heap after
{Heap after GC invocations=5 (full 0):
 garbage-first heap   total 194560K, used 13035K [0x0000000745600000, 0x0000000800000000)
  region size 1024K, 8 young (8192K), 8 survivors (8192K)
 Metaspace       used 20315K, capacity 21210K, committed 21296K, reserved 1067008K
  class space    used 2732K, capacity 3091K, committed 3120K, reserved 1048576K
}

