# JRE version: Java(TM) SE Runtime Environment (14.0.1+7) (build 14.0.1+7)
# Java VM: Java HotSpot(TM) 64-Bit Server VM (14.0.1+7, mixed mode, sharing, tiered, compressed oops, g1 gc, linux-amd64)
Heap:
 garbage-first heap   total 55296K, used 13955K [0x0000000745600000, 0x0000000800000000)
  region size 1024K, 7 young (7168K), 5 survivors (5120K)
 Metaspace       used 20212K, capacity 21169K, committed 21552K, reserved 1067008K
  class space    used 2720K, capacity 3076K, committed 3200K, reserved 1048576K
GC Heap History (8 events):
Event: 0,598 GC heap before
{Heap before GC invocations=0 (full 0):
 garbage-first heap   total 194560K, used 14148K [0x0000000745600000, 0x0000000800000000)
  region size 1024K, 13 young (13312K), 0 survivors (0K)
 Metaspace       used 3364K, capacity 6152K, committed 6400K, reserved 1056768K
  class space    used 393K, capacity 694K, committed 768K, reserved 1048576K
}
Event: 0,604 GC heap after
{Heap after GC invocations=1 (full 0):
 garbage-first heap   total 194560K, used 2799K [0x0000000745600000, 0x0000000800000000)
  region size 1024K, 2 young (2048K), 2 survivors (2048K)
 Metaspace       used 3364K, capacity 6152K, committed 6400K, reserved 1056768K
  class space    used 393K, capacity 694K, committed 768K, reserved 1048576K
}
Event: 1,100 GC heap before
{Heap before GC invocations=1 (full 0):
 garbage-first heap   total 194560K, used 24303K [0x0000000745600000, 0x0000000800000000)
  region size 1024K, 24 young (24576K), 2 survivors (2048K)
 Metaspace       used 10152K, capacity 11483K, committed 11648K, reserved 1058816K
  class space    used 1378K, capacity 1576K, committed 1664K, reserved 1048576K
}
Event: 1,108 GC heap after
{Heap after GC invocations=2 (full 0):
 garbage-first heap   total 194560K, used 6310K [0x0000000745600000, 0x0000000800000000)
  region size 1024K, 3 young (3072K), 3 survivors (3072K)
 Metaspace       used 10152K, capacity 11483K, committed 11648K, reserved 1058816K
  class space    used 1378K, capacity 1576K, committed 1664K, reserved 1048576K
}
Event: 36,658 GC heap before
{Heap before GC invocations=2 (full 0):
 garbage-first heap   total 194560K, used 81062K [0x0000000745600000, 0x0000000800000000)
  region size 1024K, 74 young (75776K), 3 survivors (3072K)
 Metaspace       used 19847K, capacity 20717K, committed 20864K, reserved 1067008K
  class space    used 2719K, capacity 3076K, committed 3200K, reserved 1048576K
}
Event: 36,670 GC heap after
{Heap after GC invocations=3 (full 0):
 garbage-first heap   total 194560K, used 13076K [0x0000000745600000, 0x0000000800000000)
  region size 1024K, 8 young (8192K), 8 survivors (8192K)
 Metaspace       used 19847K, capacity 20717K, committed 20864K, reserved 1067008K
  class space    used 2719K, capacity 3076K, committed 3200K, reserved 1048576K
}
Event: 99,491 GC heap before
{Heap before GC invocations=3 (full 0):
 garbage-first heap   total 194560K, used 86804K [0x0000000745600000, 0x0000000800000000)
  region size 1024K, 81 young (82944K), 8 survivors (8192K)
 Metaspace       used 20200K, capacity 21105K, committed 21296K, reserved 1067008K
  class space    used 2720K, capacity 3076K, committed 3200K, reserved 1048576K
}
Event: 99,499 GC heap after
{Heap after GC invocations=4 (full 0):
 garbage-first heap   total 194560K, used 12931K [0x0000000745600000, 0x0000000800000000)
  region size 1024K, 5 young (5120K), 5 survivors (5120K)
 Metaspace       used 20200K, capacity 21105K, committed 21296K, reserved 1067008K
  class space    used 2720K, capacity 3076K, committed 3200K, reserved 1048576K
}

